#
# There is insufficient memory for the Java Runtime Environment to continue.
# Native memory allocation (mmap) failed to map 402653184 bytes for G1 virtual space
# Possible reasons:
#   The system is out of physical RAM or swap space
#   The process is running with CompressedOops enabled, and the Java Heap may be blocking the growth of the native heap
# Possible solutions:
#   Reduce memory load on the system
#   Increase physical memory or swap space
#   Check if swap backing store is full
#   Decrease Java heap size (-Xmx/-Xms)
#   Decrease number of Java threads
#   Decrease Java thread stack sizes (-Xss)
#   Set larger code cache with -XX:ReservedCodeCacheSize=
#   JVM is running with Zero Based Compressed Oops mode in which the Java heap is
#     placed in the first 32GB address space. The Java Heap base address is the
#     maximum limit for the native heap growth. Please use -XX:HeapBaseMinAddress
#     to set the Java Heap base and to place the Java Heap above 32GB virtual address.
# This output file may be truncated or incomplete.
#
#  Out of Memory Error (os_windows.cpp:3829), pid=13320, tid=34876
#
# JRE version:  (17.0.8+7) (build )
# Java VM: OpenJDK 64-Bit Server VM (17.0.8+7-b1000.22, mixed mode, sharing, tiered, compressed oops, compressed class ptrs, g1 gc, windows-amd64)
# No core dump will be written. Minidumps are not enabled by default on client versions of Windows
#

---------------  S U M M A R Y ------------

Command Line: git4idea.http.GitAskPassApp Username for 'https://github.com': 

Host: Intel(R) Core(TM) i7-8750H CPU @ 2.20GHz, 12 cores, 23G,  Windows 11 , 64 bit Build 22621 (10.0.22621.4391)
Time: Mon Dec 23 23:17:38 2024  Windows 11 , 64 bit Build 22621 (10.0.22621.4391) elapsed time: 0.021728 seconds (0d 0h 0m 0s)

---------------  T H R E A D  ---------------

Current thread (0x00000230dfcdd550):  JavaThread "Unknown thread" [_thread_in_vm, id=34876, stack(0x0000003364d00000,0x0000003364e00000)]

Stack: [0x0000003364d00000,0x0000003364e00000]
Native frames: (J=compiled Java code, j=interpreted, Vv=VM code, C=native code)
V  [jvm.dll+0x6852da]
V  [jvm.dll+0x844c84]
V  [jvm.dll+0x84659e]
V  [jvm.dll+0x846c03]
V  [jvm.dll+0x24b7cf]
V  [jvm.dll+0x682049]
V  [jvm.dll+0x67671a]
V  [jvm.dll+0x30be2b]
V  [jvm.dll+0x3132d6]
V  [jvm.dll+0x36302e]
V  [jvm.dll+0x36325f]
V  [jvm.dll+0x2e1f48]
V  [jvm.dll+0x2e2eb4]
V  [jvm.dll+0x815c11]
V  [jvm.dll+0x370df1]
V  [jvm.dll+0x7f4fdc]
V  [jvm.dll+0x3f3f1f]
V  [jvm.dll+0x3f5b31]
C  [jli.dll+0x528f]
C  [ucrtbase.dll+0x29333]
C  [KERNEL32.DLL+0x1259d]
C  [ntdll.dll+0x5af38]


---------------  P R O C E S S  ---------------

Threads class SMR info:
_java_thread_list=0x00007ffd1e330098, length=0, elements={
}

Java Threads: ( => current thread )

Other Threads:
  0x00000230dfd668c0 GCTaskThread "GC Thread#0" [stack: 0x0000003364e00000,0x0000003364f00000] [id=34736]
  0x00000230dfd73720 ConcurrentGCThread "G1 Main Marker" [stack: 0x0000003364f00000,0x0000003365000000] [id=36584]
  0x00000230dfd748d0 ConcurrentGCThread "G1 Conc#0" [stack: 0x0000003365000000,0x0000003365100000] [id=31276]

[error occurred during error reporting (printing all threads), id 0xc0000005, EXCEPTION_ACCESS_VIOLATION (0xc0000005) at pc=0x00007ffd1dae2ab7]

VM state: not at safepoint (not fully initialized)

VM Mutex/Monitor currently owned by a thread:  ([mutex/lock_event])
[0x00000230dfcd6e70] Heap_lock - owner thread: 0x00000230dfcdd550

Heap address: 0x0000000681c00000, size: 6116 MB, Compressed Oops mode: Zero based, Oop shift amount: 3

CDS archive(s) mapped at: [0x0000000000000000-0x0000000000000000-0x0000000000000000), size 0, SharedBaseAddress: 0x0000000800000000, ArchiveRelocationMode: 1.
Narrow klass base: 0x0000000000000000, Narrow klass shift: 0, Narrow klass range: 0x0

GC Precious Log:
<Empty>

Heap:
 garbage-first heap   total 0K, used 0K [0x0000000681c00000, 0x0000000800000000)
  region size 4096K, 0 young (0K), 0 survivors (0K)
 Metaspace       used 0K, committed 0K, reserved 0K
  class space    used 0K, committed 0K, reserved 0K

Heap Regions: E=young(eden), S=young(survivor), O=old, HS=humongous(starts), HC=humongous(continues), CS=collection set, F=free, OA=open archive, CA=closed archive, TAMS=top-at-mark-start (previous, next)

Card table byte_map: [0x00000230f54a0000,0x00000230f60a0000] _byte_map_base: 0x00000230f2092000

Marking Bits (Prev, Next): (CMBitMap*) 0x00000230dfd66ee0, (CMBitMap*) 0x00000230dfd66f20
 Prev Bits: [0x00000230f6ca0000, 0x00000230fcc30000)
 Next Bits: [0x0000023080000000, 0x0000023085f90000)

GC Heap History (0 events):
No events

Dll operation events (1 events):
Event: 0.014 Loaded shared library D:\Program Files\JetBrains\IntelliJ IDEA 2023.2.2\jbr\bin\java.dll

Deoptimization events (0 events):
No events

Classes unloaded (0 events):
No events

Classes redefined (0 events):
No events

Internal exceptions (0 events):
No events

VM Operations (0 events):
No events

Events (0 events):
No events


Dynamic libraries:
0x00007ff6a0800000 - 0x00007ff6a080a000 	D:\Program Files\JetBrains\IntelliJ IDEA 2023.2.2\jbr\bin\java.exe
0x00007ffe1c550000 - 0x00007ffe1c767000 	C:\WINDOWS\SYSTEM32\ntdll.dll
0x00007ffe1b3f0000 - 0x00007ffe1b4b4000 	C:\WINDOWS\System32\KERNEL32.DLL
0x00007ffe19e60000 - 0x00007ffe1a21a000 	C:\WINDOWS\System32\KERNELBASE.dll
0x00007ffe19850000 - 0x00007ffe19961000 	C:\WINDOWS\System32\ucrtbase.dll
0x00007ffdb6880000 - 0x00007ffdb6897000 	D:\Program Files\JetBrains\IntelliJ IDEA 2023.2.2\jbr\bin\jli.dll
0x00007ffe09010000 - 0x00007ffe0902b000 	D:\Program Files\JetBrains\IntelliJ IDEA 2023.2.2\jbr\bin\VCRUNTIME140.dll
0x00007ffe1b9a0000 - 0x00007ffe1bb4e000 	C:\WINDOWS\System32\USER32.dll
0x00007ffdf6bc0000 - 0x00007ffdf6e52000 	C:\WINDOWS\WinSxS\amd64_microsoft.windows.common-controls_6595b64144ccf1df_6.0.22621.4541_none_2710d1c57384c085\COMCTL32.dll
0x00007ffe1a220000 - 0x00007ffe1a246000 	C:\WINDOWS\System32\win32u.dll
0x00007ffe1b160000 - 0x00007ffe1b207000 	C:\WINDOWS\System32\msvcrt.dll
0x00007ffe1b700000 - 0x00007ffe1b729000 	C:\WINDOWS\System32\GDI32.dll
0x00007ffe19ae0000 - 0x00007ffe19bfb000 	C:\WINDOWS\System32\gdi32full.dll
0x00007ffe19cc0000 - 0x00007ffe19d5a000 	C:\WINDOWS\System32\msvcp_win.dll
0x00007ffe1b6c0000 - 0x00007ffe1b6f1000 	C:\WINDOWS\System32\IMM32.DLL
0x00007ffe12590000 - 0x00007ffe1259c000 	D:\Program Files\JetBrains\IntelliJ IDEA 2023.2.2\jbr\bin\vcruntime140_1.dll
0x00007ffdf0ed0000 - 0x00007ffdf0f5d000 	D:\Program Files\JetBrains\IntelliJ IDEA 2023.2.2\jbr\bin\msvcp140.dll
0x00007ffd1d7f0000 - 0x00007ffd1e473000 	D:\Program Files\JetBrains\IntelliJ IDEA 2023.2.2\jbr\bin\server\jvm.dll
0x00007ffe1ad00000 - 0x00007ffe1adb2000 	C:\WINDOWS\System32\ADVAPI32.dll
0x00007ffe1ac50000 - 0x00007ffe1acf7000 	C:\WINDOWS\System32\sechost.dll
0x00007ffe19820000 - 0x00007ffe19848000 	C:\WINDOWS\System32\bcrypt.dll
0x00007ffe1b210000 - 0x00007ffe1b324000 	C:\WINDOWS\System32\RPCRT4.dll
0x00007ffe19540000 - 0x00007ffe1958d000 	C:\WINDOWS\SYSTEM32\POWRPROF.dll
0x00007ffe13bd0000 - 0x00007ffe13c04000 	C:\WINDOWS\SYSTEM32\WINMM.dll
0x00007ffdff1e0000 - 0x00007ffdff1e9000 	C:\WINDOWS\SYSTEM32\WSOCK32.dll
0x00007ffe11fc0000 - 0x00007ffe11fca000 	C:\WINDOWS\SYSTEM32\VERSION.dll
0x00007ffe1b730000 - 0x00007ffe1b7a1000 	C:\WINDOWS\System32\WS2_32.dll
0x00007ffe19470000 - 0x00007ffe19483000 	C:\WINDOWS\SYSTEM32\UMPDC.dll
0x00007ffe18860000 - 0x00007ffe18878000 	C:\WINDOWS\SYSTEM32\kernel.appcore.dll
0x00007ffdfe5e0000 - 0x00007ffdfe5ea000 	D:\Program Files\JetBrains\IntelliJ IDEA 2023.2.2\jbr\bin\jimage.dll
0x00007ffe17180000 - 0x00007ffe173b2000 	C:\WINDOWS\SYSTEM32\DBGHELP.DLL
0x00007ffe1bb50000 - 0x00007ffe1bedf000 	C:\WINDOWS\System32\combase.dll
0x00007ffe1adf0000 - 0x00007ffe1aec7000 	C:\WINDOWS\System32\OLEAUT32.dll
0x00007ffe11c10000 - 0x00007ffe11c42000 	C:\WINDOWS\SYSTEM32\dbgcore.DLL
0x00007ffe19de0000 - 0x00007ffe19e5b000 	C:\WINDOWS\System32\bcryptPrimitives.dll
0x00007ffdaca10000 - 0x00007ffdaca35000 	D:\Program Files\JetBrains\IntelliJ IDEA 2023.2.2\jbr\bin\java.dll

dbghelp: loaded successfully - version: 4.0.5 - missing functions: none
symbol engine: initialized successfully - sym options: 0x614 - pdb path: .;D:\Program Files\JetBrains\IntelliJ IDEA 2023.2.2\jbr\bin;C:\WINDOWS\SYSTEM32;C:\WINDOWS\WinSxS\amd64_microsoft.windows.common-controls_6595b64144ccf1df_6.0.22621.4541_none_2710d1c57384c085;D:\Program Files\JetBrains\IntelliJ IDEA 2023.2.2\jbr\bin\server

VM Arguments:
java_command: git4idea.http.GitAskPassApp Username for 'https://github.com': 
java_class_path (initial): D:/Program Files/JetBrains/IntelliJ IDEA 2023.2.2/plugins/vcs-git/lib/git4idea-rt.jar;D:/Program Files/JetBrains/IntelliJ IDEA 2023.2.2/lib/externalProcess-rt.jar
Launcher Type: SUN_STANDARD

[Global flags]
     intx CICompilerCount                          = 4                                         {product} {ergonomic}
     uint ConcGCThreads                            = 3                                         {product} {ergonomic}
     uint G1ConcRefinementThreads                  = 10                                        {product} {ergonomic}
   size_t G1HeapRegionSize                         = 4194304                                   {product} {ergonomic}
    uintx GCDrainStackTargetSize                   = 64                                        {product} {ergonomic}
   size_t InitialHeapSize                          = 402653184                                 {product} {ergonomic}
   size_t MarkStackSize                            = 4194304                                   {product} {ergonomic}
   size_t MaxHeapSize                              = 6413090816                                {product} {ergonomic}
   size_t MinHeapDeltaBytes                        = 4194304                                   {product} {ergonomic}
   size_t MinHeapSize                              = 8388608                                   {product} {ergonomic}
    uintx NonNMethodCodeHeapSize                   = 5839372                                {pd product} {ergonomic}
    uintx NonProfiledCodeHeapSize                  = 122909434                              {pd product} {ergonomic}
    uintx ProfiledCodeHeapSize                     = 122909434                              {pd product} {ergonomic}
    uintx ReservedCodeCacheSize                    = 251658240                              {pd product} {ergonomic}
     bool SegmentedCodeCache                       = true                                      {product} {ergonomic}
   size_t SoftMaxHeapSize                          = 6413090816                             {manageable} {ergonomic}
     bool UseCompressedClassPointers               = true                           {product lp64_product} {ergonomic}
     bool UseCompressedOops                        = true                           {product lp64_product} {ergonomic}
     bool UseG1GC                                  = true                                      {product} {ergonomic}
     bool UseLargePagesIndividualAllocation        = false                                  {pd product} {ergonomic}

Logging:
Log output configuration:
 #0: stdout all=warning uptime,level,tags
 #1: stderr all=off uptime,level,tags

Environment Variables:
JAVA_HOME=D:\Program Files\Java\jdk-17
CLASSPATH=.;D:\Program Files\Java\jdk-17\lib\dt.jar;D:\Program Files\Java\jdk-17\lib\tools.jar;
PATH=C:\Program Files\Git\mingw64\libexec\git-core;C:\Program Files\Git\mingw64\libexec\git-core;C:\Program Files\Git\mingw64\bin;C:\Program Files\Git\usr\bin;C:\Users\Administrator.DESKTOP-323LQFA\bin;D:\Python312\Scripts;D:\Python312;D:\Bin;D:\Program Files\Java\jdk-17\bin;D:\Program Files\Java\jdk-17\jre\bin;C:\Program Files\Common Files\Oracle\Java\javapath;D:\Program Files (x86)\VMware\VMware Workstation\bin;D:\MinGW\bin;D:\EasyShare\x86;D:\EasyShare\x64;D:\BaiduNetdiskDownload;C:\Windows\System32;C:\Program Files\Git\cmd;C:\Program Files\MySQL\MySQL Server 8.0\bin;D:\Program Files (x86)\runtime\win64;D:\Program Files (x86)\bin;C:\Users\Administrator.DESKTOP-323LQFA\AppData\Local\Microsoft\WindowsApps;D:\Microsoft VS Code\bin;D:\BaiduNetdiskDownload;C:\Windows\System32
USERNAME=Administrator
DISPLAY=:0.0
LC_ALL=en_US.UTF-8
TERM=xterm-256color
TMPDIR=C:\Users\ADMINI~1.DES\AppData\Local\Temp
OS=Windows_NT
PROCESSOR_IDENTIFIER=Intel64 Family 6 Model 158 Stepping 10, GenuineIntel
TMP=C:\Users\ADMINI~1.DES\AppData\Local\Temp
TEMP=C:\Users\ADMINI~1.DES\AppData\Local\Temp


JNI global refs:
JNI global refs: 0, weak refs: 0

JNI global refs memory usage: 0, weak refs: 0

OOME stack traces (most recent first):
Classloader memory used:


---------------  S Y S T E M  ---------------

OS:
 Windows 11 , 64 bit Build 22621 (10.0.22621.4391)
OS uptime: 10 days 5:46 hours

CPU: total 12 (initial active 12) (6 cores per cpu, 2 threads per core) family 6 model 158 stepping 10 microcode 0xde, cx8, cmov, fxsr, ht, mmx, 3dnowpref, sse, sse2, sse3, ssse3, sse4.1, sse4.2, popcnt, lzcnt, tsc, tscinvbit, avx, avx2, aes, erms, clmul, bmi1, bmi2, adx, fma, vzeroupper, clflush, clflushopt
Processor Information for all 12 processors :
  Max Mhz: 2208, Current Mhz: 2208, Mhz Limit: 2208

Memory: 4k page, system-wide physical 24449M (1298M free)
TotalPageFile size 39370M (AvailPageFile size 120M)
current process WorkingSet (physical memory assigned to process): 12M, peak: 12M
current process commit charge ("private bytes"): 64M, peak: 448M

vm_info: OpenJDK 64-Bit Server VM (17.0.8+7-b1000.22) for windows-amd64 JRE (17.0.8+7-b1000.22), built on 2023-09-02 by "builduser" with MS VC++ 16.10 / 16.11 (VS2019)

END.
